<?xml version="1.0" encoding="UTF-8"?>
<!-- Generated by org.testng.reporters.JUnitReportReporter -->
<testsuite skipped="0" hostname="Laptop-Sw-7" name="org.testerselenium.intermedio.DataProviderExample" tests="4" failures="0" timestamp="02 may 2019 13:25:12 GMT" time="12.857" errors="0">
  <testcase name="testMethod" time="3.271" classname="org.testerselenium.intermedio.DataProviderExample"/>
  <testcase name="testMethod" time="3.177" classname="org.testerselenium.intermedio.DataProviderExample"/>
  <testcase name="testMethod" time="3.225" classname="org.testerselenium.intermedio.DataProviderExample"/>
  <testcase name="testMethod" time="3.184" classname="org.testerselenium.intermedio.DataProviderExample"/>
</testsuite> <!-- org.testerselenium.intermedio.DataProviderExample -->
