<?xml version="1.0" encoding="UTF-8"?>
<!-- Generated by org.testng.reporters.JUnitReportReporter -->
<testsuite skipped="0" hostname="Laptop-Sw-7" name="org.testerselenium.intermedio.video.VideoRecorder" tests="1" failures="0" timestamp="09 may 2019 15:19:23 GMT" time="15.950" errors="0">
  <testcase name="videoTest" time="15.950" classname="org.testerselenium.intermedio.video.VideoRecorder"/>
</testsuite> <!-- org.testerselenium.intermedio.video.VideoRecorder -->
