<?xml version="1.0" encoding="UTF-8"?>
<!-- Generated by org.testng.reporters.JUnitReportReporter -->
<testsuite skipped="0" hostname="Laptop-Sw-7" name="org.testerselenium.intermedio.DataProviderExample" tests="4" failures="0" timestamp="06 may 2019 17:54:54 GMT" time="12.767" errors="0">
  <testcase name="testMethod" time="3.240" classname="org.testerselenium.intermedio.DataProviderExample"/>
  <testcase name="testMethod" time="3.171" classname="org.testerselenium.intermedio.DataProviderExample"/>
  <testcase name="testMethod" time="3.154" classname="org.testerselenium.intermedio.DataProviderExample"/>
  <testcase name="testMethod" time="3.202" classname="org.testerselenium.intermedio.DataProviderExample"/>
</testsuite> <!-- org.testerselenium.intermedio.DataProviderExample -->
