<?xml version="1.0" encoding="UTF-8"?>
<!-- Generated by org.testng.reporters.JUnitReportReporter -->
<testsuite skipped="0" hostname="LAPTOP-SW-22" name="org.testerselenium.intermedio.TestNG" tests="2" failures="0" timestamp="26 abr 2019 18:33:29 GMT" time="6.109" errors="0">
  <testcase name="support" time="1.648" classname="org.testerselenium.intermedio.TestNG"/>
  <testcase name="register" time="4.461" classname="org.testerselenium.intermedio.TestNG"/>
</testsuite> <!-- org.testerselenium.intermedio.TestNG -->
