<?xml version="1.0" encoding="UTF-8"?>
<!-- Generated by org.testng.reporters.JUnitReportReporter -->
<testsuite skipped="0" hostname="Laptop-Sw-7" name="org.testerselenium.intermedio.video.VideoRecorder" tests="1" failures="0" timestamp="07 may 2019 15:00:54 GMT" time="8.610" errors="0">
  <testcase name="videoTest" time="8.610" classname="org.testerselenium.intermedio.video.VideoRecorder"/>
</testsuite> <!-- org.testerselenium.intermedio.video.VideoRecorder -->
