<?xml version="1.0" encoding="UTF-8"?>
<!-- Generated by org.testng.reporters.JUnitReportReporter -->
<testsuite skipped="0" hostname="Laptop-Sw-7" name="org.testerselenium.intermedio.DataProviderExample" tests="4" failures="0" timestamp="02 may 2019 14:20:41 GMT" time="12.680" errors="0">
  <testcase name="testMethod" time="3.160" classname="org.testerselenium.intermedio.DataProviderExample"/>
  <testcase name="testMethod" time="3.163" classname="org.testerselenium.intermedio.DataProviderExample"/>
  <testcase name="testMethod" time="3.186" classname="org.testerselenium.intermedio.DataProviderExample"/>
  <testcase name="testMethod" time="3.171" classname="org.testerselenium.intermedio.DataProviderExample"/>
</testsuite> <!-- org.testerselenium.intermedio.DataProviderExample -->
