<?xml version="1.0" encoding="UTF-8"?>
<!-- Generated by org.testng.reporters.JUnitReportReporter -->
<testsuite skipped="1" hostname="Laptop-Sw-7" name="org.testerselenium.intermedio.TestNG" tests="2" failures="0" timestamp="30 abr 2019 20:41:10 GMT" time="1.520" errors="0">
  <testcase name="register" time="1.520" classname="org.testerselenium.intermedio.TestNG"/>
  <testcase name="support" classname="org.testerselenium.intermedio.TestNG">
    <skipped/>
  </testcase> <!-- support -->
</testsuite> <!-- org.testerselenium.intermedio.TestNG -->
