<?xml version="1.0" encoding="UTF-8"?>
<!-- Generated by org.testng.reporters.JUnitReportReporter -->
<testsuite skipped="1" hostname="Laptop-Sw-7" name="org.testerselenium.intermedio.TestNG" tests="2" failures="0" timestamp="06 may 2019 17:54:54 GMT" time="3.222" errors="0">
  <testcase name="register" time="3.222" classname="org.testerselenium.intermedio.TestNG"/>
  <testcase name="support" classname="org.testerselenium.intermedio.TestNG">
    <skipped/>
  </testcase> <!-- support -->
</testsuite> <!-- org.testerselenium.intermedio.TestNG -->
