<?xml version="1.0" encoding="UTF-8"?>
<!-- Generated by org.testng.reporters.JUnitReportReporter -->
<testsuite skipped="0" hostname="Laptop-Sw-7" name="org.testerselenium.intermedio.TestNGAnnotations" tests="2" failures="0" timestamp="30 abr 2019 20:43:33 GMT" time="0.016" errors="0">
  <testcase name="testCase1" time="0.008" classname="org.testerselenium.intermedio.TestNGAnnotations"/>
  <testcase name="testCase2" time="0.008" classname="org.testerselenium.intermedio.TestNGAnnotations"/>
</testsuite> <!-- org.testerselenium.intermedio.TestNGAnnotations -->
