<?xml version="1.0" encoding="UTF-8"?>
<!-- Generated by org.testng.reporters.JUnitReportReporter -->
<testsuite skipped="0" hostname="Laptop-Sw-7" name="org.testerselenium.intermedio.ParameterByMethod" tests="7" failures="0" timestamp="06 may 2019 17:54:54 GMT" time="15.205" errors="0">
  <testcase name="testMethodB" time="2.162" classname="org.testerselenium.intermedio.ParameterByMethod"/>
  <testcase name="testMethodA" time="2.167" classname="org.testerselenium.intermedio.ParameterByMethod"/>
  <testcase name="testMethodA" time="2.170" classname="org.testerselenium.intermedio.ParameterByMethod"/>
  <testcase name="testMethodB" time="2.162" classname="org.testerselenium.intermedio.ParameterByMethod"/>
  <testcase name="testMethodA" time="2.195" classname="org.testerselenium.intermedio.ParameterByMethod"/>
  <testcase name="testMethodB" time="2.175" classname="org.testerselenium.intermedio.ParameterByMethod"/>
  <testcase name="testMethodA" time="2.174" classname="org.testerselenium.intermedio.ParameterByMethod"/>
</testsuite> <!-- org.testerselenium.intermedio.ParameterByMethod -->
