<?xml version="1.0" encoding="UTF-8"?>
<!-- Generated by org.testng.reporters.JUnitReportReporter -->
<testsuite skipped="0" hostname="LAPTOP-SW-22" name="org.testerselenium.intermedio.TestNGAnnotations" tests="2" failures="0" timestamp="26 abr 2019 20:19:08 GMT" time="0.010" errors="0">
  <testcase name="testCase1" time="0.007" classname="org.testerselenium.intermedio.TestNGAnnotations"/>
  <testcase name="testCase2" time="0.003" classname="org.testerselenium.intermedio.TestNGAnnotations"/>
</testsuite> <!-- org.testerselenium.intermedio.TestNGAnnotations -->
