<?xml version="1.0" encoding="UTF-8"?>
<!-- Generated by org.testng.reporters.JUnitReportReporter -->
<testsuite skipped="0" hostname="Laptop-Sw-7" name="org.testerselenium.intermedio.JavaScript" tests="2" failures="0" timestamp="09 may 2019 16:03:56 GMT" time="94.187" errors="0">
  <testcase name="goToRegisterPage" time="4.437" classname="org.testerselenium.intermedio.JavaScript"/>
  <testcase name="registerAnUser" time="89.750" classname="org.testerselenium.intermedio.JavaScript"/>
</testsuite> <!-- org.testerselenium.intermedio.JavaScript -->
