<?xml version="1.0" encoding="UTF-8"?>
<!-- Generated by org.testng.reporters.JUnitReportReporter -->
<testsuite skipped="0" hostname="Laptop-Sw-7" name="org.testerselenium.intermedio.JavaScript" tests="2" failures="0" timestamp="03 may 2019 13:47:46 GMT" time="55.772" errors="0">
  <testcase name="goToRegisterPage" time="4.199" classname="org.testerselenium.intermedio.JavaScript"/>
  <testcase name="registerAnUser" time="51.573" classname="org.testerselenium.intermedio.JavaScript"/>
</testsuite> <!-- org.testerselenium.intermedio.JavaScript -->
