<?xml version="1.0" encoding="UTF-8"?>
<!-- Generated by org.testng.reporters.JUnitReportReporter -->
<testsuite skipped="0" hostname="Laptop-Sw-7" name="org.testerselenium.intermedio.TestNGAnnotations" tests="2" failures="0" timestamp="06 may 2019 17:54:54 GMT" time="0.006" errors="0">
  <testcase name="testCase2" time="0.003" classname="org.testerselenium.intermedio.TestNGAnnotations"/>
  <testcase name="testCase1" time="0.003" classname="org.testerselenium.intermedio.TestNGAnnotations"/>
</testsuite> <!-- org.testerselenium.intermedio.TestNGAnnotations -->
