<?xml version="1.0" encoding="UTF-8"?>
<!-- Generated by org.testng.reporters.JUnitReportReporter -->
<testsuite skipped="0" hostname="Laptop-Sw-7" name="org.testerselenium.intermedio.ParameterByMethod" tests="7" failures="0" timestamp="02 may 2019 14:28:19 GMT" time="15.220" errors="0">
  <testcase name="testMethodB" time="2.168" classname="org.testerselenium.intermedio.ParameterByMethod"/>
  <testcase name="testMethodB" time="2.185" classname="org.testerselenium.intermedio.ParameterByMethod"/>
  <testcase name="testMethodA" time="2.212" classname="org.testerselenium.intermedio.ParameterByMethod"/>
  <testcase name="testMethodB" time="2.193" classname="org.testerselenium.intermedio.ParameterByMethod"/>
  <testcase name="testMethodA" time="2.161" classname="org.testerselenium.intermedio.ParameterByMethod"/>
  <testcase name="testMethodA" time="2.148" classname="org.testerselenium.intermedio.ParameterByMethod"/>
  <testcase name="testMethodA" time="2.153" classname="org.testerselenium.intermedio.ParameterByMethod"/>
</testsuite> <!-- org.testerselenium.intermedio.ParameterByMethod -->
