<?xml version="1.0" encoding="UTF-8"?>
<!-- Generated by org.testng.reporters.JUnitReportReporter -->
<testsuite skipped="0" hostname="Laptop-Sw-7" name="org.testerselenium.intermedio.ParameterByITestContext" tests="8" failures="0" timestamp="02 may 2019 15:15:47 GMT" time="25.406" errors="0">
  <testcase name="testMethodA" time="3.300" classname="org.testerselenium.intermedio.ParameterByITestContext"/>
  <testcase name="testMethodB" time="3.143" classname="org.testerselenium.intermedio.ParameterByITestContext"/>
  <testcase name="testMethodA" time="3.152" classname="org.testerselenium.intermedio.ParameterByITestContext"/>
  <testcase name="testMethodA" time="3.145" classname="org.testerselenium.intermedio.ParameterByITestContext"/>
  <testcase name="testMethodA" time="3.168" classname="org.testerselenium.intermedio.ParameterByITestContext"/>
  <testcase name="testMethodB" time="3.204" classname="org.testerselenium.intermedio.ParameterByITestContext"/>
  <testcase name="testMethodB" time="3.134" classname="org.testerselenium.intermedio.ParameterByITestContext"/>
  <testcase name="testMethodB" time="3.160" classname="org.testerselenium.intermedio.ParameterByITestContext"/>
</testsuite> <!-- org.testerselenium.intermedio.ParameterByITestContext -->
