<?xml version="1.0" encoding="UTF-8"?>
<!-- Generated by org.testng.reporters.JUnitReportReporter -->
<testsuite skipped="0" hostname="Laptop-Sw-7" name="org.testerselenium.intermedio.JavaScript" tests="2" failures="0" timestamp="06 may 2019 17:54:54 GMT" time="28.605" errors="0">
  <testcase name="goToRegisterPage" time="4.158" classname="org.testerselenium.intermedio.JavaScript"/>
  <testcase name="registerAnUser" time="24.447" classname="org.testerselenium.intermedio.JavaScript"/>
</testsuite> <!-- org.testerselenium.intermedio.JavaScript -->
