<?xml version="1.0" encoding="UTF-8"?>
<!-- Generated by org.testng.reporters.JUnitReportReporter -->
<testsuite skipped="0" hostname="LAPTOP-SW-22" name="org.testerselenium.intermedio.TestNG" tests="2" failures="0" timestamp="26 abr 2019 18:35:20 GMT" time="3.668" errors="0">
  <testcase name="register" time="2.342" classname="org.testerselenium.intermedio.TestNG"/>
  <testcase name="support" time="1.326" classname="org.testerselenium.intermedio.TestNG"/>
</testsuite> <!-- org.testerselenium.intermedio.TestNG -->
