<?xml version="1.0" encoding="UTF-8"?>
<!-- Generated by org.testng.reporters.JUnitReportReporter -->
<testsuite skipped="1" hostname="LAPTOP-SW-22" name="org.testerselenium.intermedio.TestNG" tests="2" failures="0" timestamp="26 abr 2019 18:46:34 GMT" time="1.986" errors="0">
  <testcase name="register" time="1.986" classname="org.testerselenium.intermedio.TestNG"/>
  <testcase name="support" classname="org.testerselenium.intermedio.TestNG">
    <skipped/>
  </testcase> <!-- support -->
</testsuite> <!-- org.testerselenium.intermedio.TestNG -->
